"C:\Program Files\JetBrains\CLion 2024.3.3\bin\cmake\win\aarch64\bin\cmake.exe" -DCMAKE_BUILD_TYPE=Debug "-DCMAKE_MAKE_PROGRAM=C:/Program Files/JetBrains/CLion 2024.3.3/bin/ninja/win/aarch64/ninja.exe" -DCMAKE_C_COMPILER=C:/GCC_7.3.0_MinGW/mingw64/bin/gcc.exe -DCMAKE_CXX_COMPILER=C:/GCC_7.3.0_MinGW/mingw64/bin/g++.exe -G Ninja -S \\wsl.localhost\Ubuntu-22.04\home\jg23\AED -B \\wsl.localhost\Ubuntu-22.04\home\jg23\AED\cmake-build-debug
CMake Warning (dev) at CMakeLists.txt:3 (project):
  cmake_minimum_required() should be called prior to this top-level project()
  call.  Please see the cmake-commands(7) manual for usage documentation of
  both commands.
This warning is for project developers.  Use -Wno-dev to suppress it.

-- The C compiler identification is GNU 7.3.0
-- The CXX compiler identification is GNU 7.3.0
-- Detecting C compiler ABI info
-- Detecting C compiler ABI info - failed
-- Check for working C compiler: C:/GCC_7.3.0_MinGW/mingw64/bin/gcc.exe
-- Check for working C compiler: C:/GCC_7.3.0_MinGW/mingw64/bin/gcc.exe - broken
CMake Error at C:/Program Files/JetBrains/CLion 2024.3.3/bin/cmake/win/aarch64/share/cmake-3.30/Modules/CMakeTestCCompiler.cmake:67 (message):
  The C compiler

    "C:/GCC_7.3.0_MinGW/mingw64/bin/gcc.exe"

  is not able to compile a simple test program.

  It fails with the following output:

    Change Dir: '//wsl.localhost/Ubuntu-22.04/home/jg23/AED/cmake-build-debug/CMakeFiles/CMakeScratch/TryCompile-2v7btx'
    
    Run Build Command(s): "C:/Program Files/JetBrains/CLion 2024.3.3/bin/ninja/win/aarch64/ninja.exe" -v cmTC_40aa5
    [1/2] C:\GCC_7.3.0_MinGW\mingw64\bin\gcc.exe   -fdiagnostics-color=always -o CMakeFiles/cmTC_40aa5.dir/testCCompiler.c.obj -c //wsl.localhost/Ubuntu-22.04/home/jg23/AED/cmake-build-debug/CMakeFiles/CMakeScratch/TryCompile-2v7btx/testCCompiler.c
    [2/2] C:\WINDOWS\system32\cmd.exe /C "cd . && C:\GCC_7.3.0_MinGW\mingw64\bin\gcc.exe   CMakeFiles/cmTC_40aa5.dir/testCCompiler.c.obj -o cmTC_40aa5.exe -Wl,--out-implib,libcmTC_40aa5.dll.a -Wl,--major-image-version,0,--minor-image-version,0  -lkernel32 -luser32 -lgdi32 -lwinspool -lshell32 -lole32 -loleaut32 -luuid -lcomdlg32 -ladvapi32 && cd ."
    FAILED: cmTC_40aa5.exe 
    C:\WINDOWS\system32\cmd.exe /C "cd . && C:\GCC_7.3.0_MinGW\mingw64\bin\gcc.exe   CMakeFiles/cmTC_40aa5.dir/testCCompiler.c.obj -o cmTC_40aa5.exe -Wl,--out-implib,libcmTC_40aa5.dll.a -Wl,--major-image-version,0,--minor-image-version,0  -lkernel32 -luser32 -lgdi32 -lwinspool -lshell32 -lole32 -loleaut32 -luuid -lcomdlg32 -ladvapi32 && cd ."
    '\\wsl.localhost\Ubuntu-22.04\home\jg23\AED\cmake-build-debug\CMakeFiles\CMakeScratch\TryCompile-2v7btx'
    CMD.EXE was started with the above path as the current directory.
    UNC paths are not supported.  Defaulting to Windows directory.
    gcc.exe: error: CMakeFiles/cmTC_40aa5.dir/testCCompiler.c.obj: No such file or directory
    ninja: build stopped: subcommand failed.
    
    

  

  CMake will not be able to correctly generate this project.
Call Stack (most recent call first):
  CMakeLists.txt:3 (project)


-- Configuring incomplete, errors occurred!

Cannot get compiler information:
	Compiler exited with error code 1: C:\cygwin64\bin\c++.exe -xc++ -g -std=gnu++20 -fpch-preprocess -v -dD -E
	Using built-in specs.
	COLLECT_GCC=/usr/bin/c++
	Target: x86_64-pc-cygwin
	Configured with: /mnt/share/cygpkgs/gcc/gcc.x86_64/src/gcc-12.4.0/configure --srcdir=/mnt/share/cygpkgs/gcc/gcc.x86_64/src/gcc-12.4.0 --prefix=/usr --exec-prefix=/usr --localstatedir=/var --sysconfdir=/etc --docdir=/usr/share/doc/gcc --htmldir=/usr/share/doc/gcc/html -C --build=x86_64-pc-cygwin --host=x86_64-pc-cygwin --target=x86_64-pc-cygwin --without-libiconv-prefix --without-libintl-prefix --libexecdir=/usr/lib --with-gcc-major-version-only --enable-shared --enable-shared-libgcc --enable-static --enable-version-specific-runtime-libs --enable-bootstrap --enable-__cxa_atexit --enable-clocale=newlib --with-dwarf2 --with-tune=generic --enable-languages=ada,c,c++,fortran,lto,objc,obj-c++,jit --enable-graphite --enable-threads=posix --enable-libatomic --enable-libgomp --enable-libquadmath --enable-libquadmath-support --disable-libssp --enable-libada --disable-symvers --disable-multilib --with-gnu-ld --with-gnu-as --with-cloog-include=/usr/include/cloog-isl --without-libiconv-prefix --without-libintl-prefix --with-system-zlib --enable-linker-build-id --with-default-libstdcxx-abi=gcc4-compatible --enable-libstdcxx-filesystem-ts
	Thread model: posix
	Supported LTO compression algorithms: zlib zstd
	gcc version 12.4.0 (GCC) 
	COLLECT_GCC_OPTIONS='-g' '-std=gnu++20' '-fpch-preprocess' '-v' '-dD' '-E' '-D' '___CIDR_DEFINITIONS_END' '-shared-libgcc' '-mtune=generic' '-march=x86-64'
	 /usr/lib/gcc/x86_64-pc-cygwin/12/cc1plus.exe -E -quiet -v -idirafter /usr/lib/gcc/x86_64-pc-cygwin/12/../../../../lib/../include/w32api -idirafter /usr/lib/gcc/x86_64-pc-cygwin/12/../../../../x86_64-pc-cygwin/lib/../lib/../../include/w32api -D ___CIDR_DEFINITIONS_END C:\Users\jgonc\AppData\Local\Temp\compiler-file8894062920613425398 -mtune=generic -march=x86-64 -std=gnu++20 -fpch-preprocess -g -fworking-directory -dD -dumpbase C:\Users\jgonc\AppData\Local\Temp\compiler-file8894062920613425398
	C:/cygwin64/lib/gcc/x86_64-pc-cygwin/12/cc1plus.exe: error while loading shared libraries: ?: cannot open shared object file: No such file or directory
	
	
